***
theta
/proc/fs/lustre/osc/snx11214-OST0000-osc-ffff88201cc0a800/import:       current_connection: 172.22.10.94@o2ib1002
/proc/fs/lustre/osc/snx11214-OST0001-osc-ffff88201cc0a800/import:       current_connection: 172.23.10.95@o2ib1003
/proc/fs/lustre/osc/snx11214-OST0002-osc-ffff88201cc0a800/import:       current_connection: 172.22.10.96@o2ib1002
/proc/fs/lustre/osc/snx11214-OST0003-osc-ffff88201cc0a800/import:       current_connection: 172.23.10.97@o2ib1003
/proc/fs/lustre/osc/snx11214-OST0004-osc-ffff88201cc0a800/import:       current_connection: 172.22.10.98@o2ib1002
/proc/fs/lustre/osc/snx11214-OST0005-osc-ffff88201cc0a800/import:       current_connection: 172.23.10.99@o2ib1003
/proc/fs/lustre/osc/snx11214-OST0006-osc-ffff88201cc0a800/import:       current_connection: 172.22.10.100@o2ib1002
/proc/fs/lustre/osc/snx11214-OST0007-osc-ffff88201cc0a800/import:       current_connection: 172.23.10.101@o2ib1003
/proc/fs/lustre/osc/snx11214-OST0008-osc-ffff88201cc0a800/import:       current_connection: 172.22.10.102@o2ib1002
/proc/fs/lustre/osc/snx11214-OST0009-osc-ffff88201cc0a800/import:       current_connection: 172.23.10.103@o2ib1003
/proc/fs/lustre/osc/snx11214-OST000a-osc-ffff88201cc0a800/import:       current_connection: 172.22.10.104@o2ib1002
/proc/fs/lustre/osc/snx11214-OST000b-osc-ffff88201cc0a800/import:       current_connection: 172.23.10.105@o2ib1003
/proc/fs/lustre/osc/snx11214-OST000c-osc-ffff88201cc0a800/import:       current_connection: 172.22.10.106@o2ib1002
/proc/fs/lustre/osc/snx11214-OST000d-osc-ffff88201cc0a800/import:       current_connection: 172.23.10.107@o2ib1003
/proc/fs/lustre/osc/snx11214-OST000e-osc-ffff88201cc0a800/import:       current_connection: 172.22.10.108@o2ib1004
/proc/fs/lustre/osc/snx11214-OST000f-osc-ffff88201cc0a800/import:       current_connection: 172.23.10.109@o2ib1005
/proc/fs/lustre/osc/snx11214-OST0010-osc-ffff88201cc0a800/import:       current_connection: 172.22.10.110@o2ib1004
/proc/fs/lustre/osc/snx11214-OST0011-osc-ffff88201cc0a800/import:       current_connection: 172.23.10.111@o2ib1005
/proc/fs/lustre/osc/snx11214-OST0012-osc-ffff88201cc0a800/import:       current_connection: 172.22.10.112@o2ib1004
/proc/fs/lustre/osc/snx11214-OST0013-osc-ffff88201cc0a800/import:       current_connection: 172.23.10.113@o2ib1005
/proc/fs/lustre/osc/snx11214-OST0014-osc-ffff88201cc0a800/import:       current_connection: 172.22.10.114@o2ib1004
/proc/fs/lustre/osc/snx11214-OST0015-osc-ffff88201cc0a800/import:       current_connection: 172.23.10.115@o2ib1005
/proc/fs/lustre/osc/snx11214-OST0016-osc-ffff88201cc0a800/import:       current_connection: 172.22.10.116@o2ib1004
/proc/fs/lustre/osc/snx11214-OST0017-osc-ffff88201cc0a800/import:       current_connection: 172.23.10.117@o2ib1005
/proc/fs/lustre/osc/snx11214-OST0018-osc-ffff88201cc0a800/import:       current_connection: 172.22.10.118@o2ib1004
/proc/fs/lustre/osc/snx11214-OST0019-osc-ffff88201cc0a800/import:       current_connection: 172.23.10.119@o2ib1005
/proc/fs/lustre/osc/snx11214-OST001a-osc-ffff88201cc0a800/import:       current_connection: 172.22.10.120@o2ib1004
/proc/fs/lustre/osc/snx11214-OST001b-osc-ffff88201cc0a800/import:       current_connection: 172.23.10.121@o2ib1005
/proc/fs/lustre/osc/snx11214-OST001c-osc-ffff88201cc0a800/import:       current_connection: 172.22.10.122@o2ib1006
/proc/fs/lustre/osc/snx11214-OST001d-osc-ffff88201cc0a800/import:       current_connection: 172.23.10.123@o2ib1007
/proc/fs/lustre/osc/snx11214-OST001e-osc-ffff88201cc0a800/import:       current_connection: 172.22.10.124@o2ib1006
/proc/fs/lustre/osc/snx11214-OST001f-osc-ffff88201cc0a800/import:       current_connection: 172.23.10.125@o2ib1007
/proc/fs/lustre/osc/snx11214-OST0020-osc-ffff88201cc0a800/import:       current_connection: 172.22.10.126@o2ib1006
/proc/fs/lustre/osc/snx11214-OST0021-osc-ffff88201cc0a800/import:       current_connection: 172.23.10.127@o2ib1007
/proc/fs/lustre/osc/snx11214-OST0022-osc-ffff88201cc0a800/import:       current_connection: 172.22.10.128@o2ib1006
/proc/fs/lustre/osc/snx11214-OST0023-osc-ffff88201cc0a800/import:       current_connection: 172.23.10.129@o2ib1007
/proc/fs/lustre/osc/snx11214-OST0024-osc-ffff88201cc0a800/import:       current_connection: 172.22.10.130@o2ib1006
/proc/fs/lustre/osc/snx11214-OST0025-osc-ffff88201cc0a800/import:       current_connection: 172.23.10.131@o2ib1007
/proc/fs/lustre/osc/snx11214-OST0026-osc-ffff88201cc0a800/import:       current_connection: 172.22.10.132@o2ib1006
/proc/fs/lustre/osc/snx11214-OST0027-osc-ffff88201cc0a800/import:       current_connection: 172.23.10.133@o2ib1007
/proc/fs/lustre/osc/snx11214-OST0028-osc-ffff88201cc0a800/import:       current_connection: 172.22.10.134@o2ib1006
/proc/fs/lustre/osc/snx11214-OST0029-osc-ffff88201cc0a800/import:       current_connection: 172.23.10.135@o2ib1007
/proc/fs/lustre/osc/snx11214-OST002a-osc-ffff88201cc0a800/import:       current_connection: 172.22.10.136@o2ib1008
/proc/fs/lustre/osc/snx11214-OST002b-osc-ffff88201cc0a800/import:       current_connection: 172.23.10.137@o2ib1009
/proc/fs/lustre/osc/snx11214-OST002c-osc-ffff88201cc0a800/import:       current_connection: 172.22.10.138@o2ib1008
/proc/fs/lustre/osc/snx11214-OST002d-osc-ffff88201cc0a800/import:       current_connection: 172.23.10.139@o2ib1009
/proc/fs/lustre/osc/snx11214-OST002e-osc-ffff88201cc0a800/import:       current_connection: 172.22.10.140@o2ib1008
/proc/fs/lustre/osc/snx11214-OST002f-osc-ffff88201cc0a800/import:       current_connection: 172.23.10.141@o2ib1009
/proc/fs/lustre/osc/snx11214-OST0030-osc-ffff88201cc0a800/import:       current_connection: 172.22.10.142@o2ib1008
/proc/fs/lustre/osc/snx11214-OST0031-osc-ffff88201cc0a800/import:       current_connection: 172.23.10.143@o2ib1009
/proc/fs/lustre/osc/snx11214-OST0032-osc-ffff88201cc0a800/import:       current_connection: 172.22.10.144@o2ib1008
/proc/fs/lustre/osc/snx11214-OST0033-osc-ffff88201cc0a800/import:       current_connection: 172.23.10.145@o2ib1009
/proc/fs/lustre/osc/snx11214-OST0034-osc-ffff88201cc0a800/import:       current_connection: 172.22.10.146@o2ib1008
/proc/fs/lustre/osc/snx11214-OST0035-osc-ffff88201cc0a800/import:       current_connection: 172.23.10.147@o2ib1009
/proc/fs/lustre/osc/snx11214-OST0036-osc-ffff88201cc0a800/import:       current_connection: 172.22.10.148@o2ib1008
/proc/fs/lustre/osc/snx11214-OST0037-osc-ffff88201cc0a800/import:       current_connection: 172.23.10.149@o2ib1009
172.22.10.94@o2ib
172.22.10.95@o2ib
172.22.10.96@o2ib
172.22.10.97@o2ib
172.22.10.98@o2ib
172.22.10.99@o2ib
172.22.10.100@o2ib
172.22.10.101@o2ib
172.22.10.102@o2ib
172.22.10.103@o2ib
172.22.10.104@o2ib
172.22.10.105@o2ib
172.22.10.106@o2ib
172.22.10.107@o2ib
172.22.10.108@o2ib
172.22.10.109@o2ib
172.22.10.110@o2ib
172.22.10.111@o2ib
172.22.10.112@o2ib
172.22.10.113@o2ib
172.22.10.114@o2ib
172.22.10.115@o2ib
172.22.10.116@o2ib
172.22.10.117@o2ib
172.22.10.118@o2ib
172.22.10.119@o2ib
172.22.10.120@o2ib
172.22.10.121@o2ib
172.22.10.122@o2ib
172.22.10.123@o2ib
172.22.10.124@o2ib
172.22.10.125@o2ib
172.22.10.126@o2ib
172.22.10.127@o2ib
172.22.10.128@o2ib
172.22.10.129@o2ib
172.22.10.130@o2ib
172.22.10.131@o2ib
172.22.10.132@o2ib
172.22.10.133@o2ib
172.22.10.134@o2ib
172.22.10.135@o2ib
172.22.10.136@o2ib
172.22.10.137@o2ib
172.22.10.138@o2ib
172.22.10.139@o2ib
172.22.10.140@o2ib
172.22.10.141@o2ib
172.22.10.142@o2ib
172.22.10.143@o2ib
172.22.10.144@o2ib
172.22.10.145@o2ib
172.22.10.146@o2ib
172.22.10.147@o2ib
172.22.10.148@o2ib
172.22.10.149@o2ib
pname of 0 nid01210 : nidname 1210: 0 of 2
pname of 1 nid01210 : nidname 1210: 1 of 2
pname of 9 nid02687 : nidname 2687: 1 of 2
pname of 8 nid02687 : nidname 2687: 0 of 2
pname of 11 nid02688 : nidname 2688: 1 of 2
pname of 10 nid02688 : nidname 2688: 0 of 2
pname of 14 nid02836 : nidname 2836: 0 of 2
pname of 15 nid02836 : nidname 2836: 1 of 2
pname of 13 nid02689 : nidname 2689: 1 of 2
pname of 12 nid02689 : nidname 2689: 0 of 2
pname of 7 nid02686 : nidname 2686: 1 of 2
pname of 6 nid02686 : nidname 2686: 0 of 2
pname of 5 nid02685 : nidname 2685: 1 of 2
pname of 4 nid02685 : nidname 2685: 0 of 2
pname of 2 nid02684 : nidname 2684: 0 of 2
pname of 3 nid02684 : nidname 2684: 1 of 2

o2ib1000 1 [14,462,846,2322]@gni0
o2ib1002 1 [142,914,1294,1998,2386,2770,3154]@gni0
o2ib1003 1 [18,146,846,1170,1682,2382,2766]@gni0
o2ib1004 1 [14,18,146,1170,1682,2382,2766]@gni0
o2ib1005 1 [142,914,1294,1998,2386,2770,3154]@gni0
o2ib1006 1 [82,1234,1298,2066,2450,3150,3218]@gni0
o2ib1007 1 [78,530,1230,1614,2322,2446,2834]@gni0
o2ib1008 1 [78,462,530,1230,1614,2446,2834]@gni0
o2ib1009 1 [82,1234,1298,2066,2450,3150,3218]@gni0

o2ib1000 1 [14,462,846,2322]@gni0
o2ib1002 1 [142,914,1294,1998,2386,2770,3154]@gni0
o2ib1003 1 [18,146,846,1170,1682,2382,2766]@gni0
o2ib1004 1 [14,18,146,1170,1682,2382,2766]@gni0
o2ib1005 1 [142,914,1294,1998,2386,2770,3154]@gni0
o2ib1006 1 [82,1234,1298,2066,2450,3150,3218]@gni0
o2ib1007 1 [78,530,1230,1614,2322,2446,2834]@gni0
o2ib1008 1 [78,462,530,1230,1614,2446,2834]@gni0
o2ib1009 1 [82,1234,1298,2066,2450,3150,3218]@gni0

o2ib1000 1 [14,462,846,2322]@gni0
o2ib1002 1 [142,914,1294,1998,2386,2770,3154]@gni0
o2ib1003 1 [18,146,846,1170,1682,2382,2766]@gni0
o2ib1004 1 [14,18,146,1170,1682,2382,2766]@gni0
o2ib1005 1 [142,914,1294,1998,2386,2770,3154]@gni0
o2ib1006 1 [82,1234,1298,2066,2450,3150,3218]@gni0
o2ib1007 1 [78,530,1230,1614,2322,2446,2834]@gni0
o2ib1008 1 [78,462,530,1230,1614,2446,2834]@gni0
o2ib1009 1 [82,1234,1298,2066,2450,3150,3218]@gni0

o2ib1000 1 [14,462,846,2322]@gni0
o2ib1002 1 [142,914,1294,1998,2386,2770,3154]@gni0
o2ib1003 1 [18,146,846,1170,1682,2382,2766]@gni0
o2ib1004 1 [14,18,146,1170,1682,2382,2766]@gni0
o2ib1005 1 [142,914,1294,1998,2386,2770,3154]@gni0
o2ib1006 1 [82,1234,1298,2066,2450,3150,3218]@gni0
o2ib1007 1 [78,530,1230,1614,2322,2446,2834]@gni0
o2ib1008 1 [78,462,530,1230,1614,2446,2834]@gni0
o2ib1009 1 [82,1234,1298,2066,2450,3150,3218]@gni0

o2ib1000 1 [14,462,846,2322]@gni0
o2ib1002 1 [142,914,1294,1998,2386,2770,3154]@gni0
o2ib1003 1 [18,146,846,1170,1682,2382,2766]@gni0
o2ib1004 1 [14,18,146,1170,1682,2382,2766]@gni0
o2ib1005 1 [142,914,1294,1998,2386,2770,3154]@gni0
o2ib1006 1 [82,1234,1298,2066,2450,3150,3218]@gni0
o2ib1007 1 [78,530,1230,1614,2322,2446,2834]@gni0
o2ib1008 1 [78,462,530,1230,1614,2446,2834]@gni0
o2ib1009 1 [82,1234,1298,2066,2450,3150,3218]@gni0

o2ib1000 1 [14,462,846,2322]@gni0
o2ib1002 1 [142,914,1294,1998,2386,2770,3154]@gni0
o2ib1003 1 [18,146,846,1170,1682,2382,2766]@gni0
o2ib1004 1 [14,18,146,1170,1682,2382,2766]@gni0
o2ib1005 1 [142,914,1294,1998,2386,2770,3154]@gni0
o2ib1006 1 [82,1234,1298,2066,2450,3150,3218]@gni0
o2ib1007 1 [78,530,1230,1614,2322,2446,2834]@gni0
o2ib1008 1 [78,462,530,1230,1614,2446,2834]@gni0
o2ib1009 1 [82,1234,1298,2066,2450,3150,3218]@gni0

o2ib1000 1 [14,462,846,2322]@gni0
o2ib1002 1 [142,914,1294,1998,2386,2770,3154]@gni0
o2ib1003 1 [18,146,846,1170,1682,2382,2766]@gni0
o2ib1004 1 [14,18,146,1170,1682,2382,2766]@gni0
o2ib1005 1 [142,914,1294,1998,2386,2770,3154]@gni0
o2ib1006 1 [82,1234,1298,2066,2450,3150,3218]@gni0
o2ib1007 1 [78,530,1230,1614,2322,2446,2834]@gni0
o2ib1008 1 [78,462,530,1230,1614,2446,2834]@gni0
o2ib1009 1 [82,1234,1298,2066,2450,3150,3218]@gni0

o2ib1000 1 [14,462,846,2322]@gni0
o2ib1002 1 [142,914,1294,1998,2386,2770,3154]@gni0
o2ib1003 1 [18,146,846,1170,1682,2382,2766]@gni0
o2ib1004 1 [14,18,146,1170,1682,2382,2766]@gni0
o2ib1005 1 [142,914,1294,1998,2386,2770,3154]@gni0
o2ib1006 1 [82,1234,1298,2066,2450,3150,3218]@gni0
o2ib1007 1 [78,530,1230,1614,2322,2446,2834]@gni0
o2ib1008 1 [78,462,530,1230,1614,2446,2834]@gni0
o2ib1009 1 [82,1234,1298,2066,2450,3150,3218]@gni0

o2ib1000 1 [14,462,846,2322]@gni0
o2ib1002 1 [142,914,1294,1998,2386,2770,3154]@gni0
o2ib1003 1 [18,146,846,1170,1682,2382,2766]@gni0
o2ib1004 1 [14,18,146,1170,1682,2382,2766]@gni0
o2ib1005 1 [142,914,1294,1998,2386,2770,3154]@gni0
o2ib1006 1 [82,1234,1298,2066,2450,3150,3218]@gni0
o2ib1007 1 [78,530,1230,1614,2322,2446,2834]@gni0
o2ib1008 1 [78,462,530,1230,1614,2446,2834]@gni0
o2ib1009 1 [82,1234,1298,2066,2450,3150,3218]@gni0

o2ib1000 1 [14,462,846,2322]@gni0
o2ib1002 1 [142,914,1294,1998,2386,2770,3154]@gni0
o2ib1003 1 [18,146,846,1170,1682,2382,2766]@gni0
o2ib1004 1 [14,18,146,1170,1682,2382,2766]@gni0
o2ib1005 1 [142,914,1294,1998,2386,2770,3154]@gni0
o2ib1006 1 [82,1234,1298,2066,2450,3150,3218]@gni0
o2ib1007 1 [78,530,1230,1614,2322,2446,2834]@gni0
o2ib1008 1 [78,462,530,1230,1614,2446,2834]@gni0
o2ib1009 1 [82,1234,1298,2066,2450,3150,3218]@gni0

o2ib1000 1 [14,462,846,2322]@gni0
o2ib1002 1 [142,914,1294,1998,2386,2770,3154]@gni0
o2ib1003 1 [18,146,846,1170,1682,2382,2766]@gni0
o2ib1004 1 [14,18,146,1170,1682,2382,2766]@gni0
o2ib1005 1 [142,914,1294,1998,2386,2770,3154]@gni0
o2ib1006 1 [82,1234,1298,2066,2450,3150,3218]@gni0
o2ib1007 1 [78,530,1230,1614,2322,2446,2834]@gni0
o2ib1008 1 [78,462,530,1230,1614,2446,2834]@gni0
o2ib1009 1 [82,1234,1298,2066,2450,3150,3218]@gni0

o2ib1000 1 [14,462,846,2322]@gni0
o2ib1002 1 [142,914,1294,1998,2386,2770,3154]@gni0
o2ib1003 1 [18,146,846,1170,1682,2382,2766]@gni0
o2ib1004 1 [14,18,146,1170,1682,2382,2766]@gni0
o2ib1005 1 [142,914,1294,1998,2386,2770,3154]@gni0
o2ib1006 1 [82,1234,1298,2066,2450,3150,3218]@gni0
o2ib1007 1 [78,530,1230,1614,2322,2446,2834]@gni0
o2ib1008 1 [78,462,530,1230,1614,2446,2834]@gni0
o2ib1009 1 [82,1234,1298,2066,2450,3150,3218]@gni0

o2ib1000 1 [14,462,846,2322]@gni0
o2ib1002 1 [142,914,1294,1998,2386,2770,3154]@gni0
o2ib1003 1 [18,146,846,1170,1682,2382,2766]@gni0
o2ib1004 1 [14,18,146,1170,1682,2382,2766]@gni0
o2ib1005 1 [142,914,1294,1998,2386,2770,3154]@gni0
o2ib1006 1 [82,1234,1298,2066,2450,3150,3218]@gni0
o2ib1007 1 [78,530,1230,1614,2322,2446,2834]@gni0
o2ib1008 1 [78,462,530,1230,1614,2446,2834]@gni0
o2ib1009 1 [82,1234,1298,2066,2450,3150,3218]@gni0

o2ib1000 1 [14,462,846,2322]@gni0
o2ib1002 1 [142,914,1294,1998,2386,2770,3154]@gni0
o2ib1003 1 [18,146,846,1170,1682,2382,2766]@gni0
o2ib1004 1 [14,18,146,1170,1682,2382,2766]@gni0
o2ib1005 1 [142,914,1294,1998,2386,2770,3154]@gni0
o2ib1006 1 [82,1234,1298,2066,2450,3150,3218]@gni0
o2ib1007 1 [78,530,1230,1614,2322,2446,2834]@gni0
o2ib1008 1 [78,462,530,1230,1614,2446,2834]@gni0
o2ib1009 1 [82,1234,1298,2066,2450,3150,3218]@gni0

o2ib1000 1 [14,462,846,2322]@gni0
o2ib1002 1 [142,914,1294,1998,2386,2770,3154]@gni0
o2ib1003 1 [18,146,846,1170,1682,2382,2766]@gni0
o2ib1004 1 [14,18,146,1170,1682,2382,2766]@gni0
o2ib1005 1 [142,914,1294,1998,2386,2770,3154]@gni0
o2ib1006 1 [82,1234,1298,2066,2450,3150,3218]@gni0
o2ib1007 1 [78,530,1230,1614,2322,2446,2834]@gni0
o2ib1008 1 [78,462,530,1230,1614,2446,2834]@gni0
o2ib1009 1 [82,1234,1298,2066,2450,3150,3218]@gni0

o2ib1000 1 [14,462,846,2322]@gni0
o2ib1002 1 [142,914,1294,1998,2386,2770,3154]@gni0
o2ib1003 1 [18,146,846,1170,1682,2382,2766]@gni0
o2ib1004 1 [14,18,146,1170,1682,2382,2766]@gni0
o2ib1005 1 [142,914,1294,1998,2386,2770,3154]@gni0
o2ib1006 1 [82,1234,1298,2066,2450,3150,3218]@gni0
o2ib1007 1 [78,530,1230,1614,2322,2446,2834]@gni0
o2ib1008 1 [78,462,530,1230,1614,2446,2834]@gni0
o2ib1009 1 [82,1234,1298,2066,2450,3150,3218]@gni0

gni99 10.[128-131].*.*
gni 10.[128-131].*.*
gni0 10.128.*.*
o2ib1000(ib0) 172.24.10.[8,18]
o2ib1000(ib2) 172.24.10.[1,7]
o2ib1002(ib0) 172.22.10.[5,9,12,16,20,24,29]
o2ib1003(ib2) 172.23.10.[0,4,8,13,17,21,25]
o2ib1004(ib0) 172.22.10.[0,1,4,13,17,21,25]
o2ib1005(ib2) 172.23.10.[5,9,12,16,20,24,29]
o2ib1006(ib0) 172.22.10.[2,11,15,19,22,26,28]
o2ib1007(ib2) 172.23.10.[3,6,10,14,18,23,27]
o2ib1008(ib0) 172.22.10.[3,6,7,10,14,23,27]
o2ib1009(ib2) 172.23.10.[2,11,15,19,22,26,28]

gni99 10.[128-131].*.*
gni 10.[128-131].*.*
gni0 10.128.*.*
o2ib1000(ib0) 172.24.10.[8,18]
o2ib1000(ib2) 172.24.10.[1,7]
o2ib1002(ib0) 172.22.10.[5,9,12,16,20,24,29]
o2ib1003(ib2) 172.23.10.[0,4,8,13,17,21,25]
o2ib1004(ib0) 172.22.10.[0,1,4,13,17,21,25]
o2ib1005(ib2) 172.23.10.[5,9,12,16,20,24,29]
o2ib1006(ib0) 172.22.10.[2,11,15,19,22,26,28]
o2ib1007(ib2) 172.23.10.[3,6,10,14,18,23,27]
o2ib1008(ib0) 172.22.10.[3,6,7,10,14,23,27]
o2ib1009(ib2) 172.23.10.[2,11,15,19,22,26,28]

gni99 10.[128-131].*.*
gni 10.[128-131].*.*
gni0 10.128.*.*
o2ib1000(ib0) 172.24.10.[8,18]
o2ib1000(ib2) 172.24.10.[1,7]
o2ib1002(ib0) 172.22.10.[5,9,12,16,20,24,29]
o2ib1003(ib2) 172.23.10.[0,4,8,13,17,21,25]
o2ib1004(ib0) 172.22.10.[0,1,4,13,17,21,25]
o2ib1005(ib2) 172.23.10.[5,9,12,16,20,24,29]
o2ib1006(ib0) 172.22.10.[2,11,15,19,22,26,28]
o2ib1007(ib2) 172.23.10.[3,6,10,14,18,23,27]
o2ib1008(ib0) 172.22.10.[3,6,7,10,14,23,27]
o2ib1009(ib2) 172.23.10.[2,11,15,19,22,26,28]

gni99 10.[128-131].*.*
gni 10.[128-131].*.*
gni0 10.128.*.*
o2ib1000(ib0) 172.24.10.[8,18]
o2ib1000(ib2) 172.24.10.[1,7]
o2ib1002(ib0) 172.22.10.[5,9,12,16,20,24,29]
o2ib1003(ib2) 172.23.10.[0,4,8,13,17,21,25]
o2ib1004(ib0) 172.22.10.[0,1,4,13,17,21,25]
o2ib1005(ib2) 172.23.10.[5,9,12,16,20,24,29]
o2ib1006(ib0) 172.22.10.[2,11,15,19,22,26,28]
o2ib1007(ib2) 172.23.10.[3,6,10,14,18,23,27]
o2ib1008(ib0) 172.22.10.[3,6,7,10,14,23,27]
o2ib1009(ib2) 172.23.10.[2,11,15,19,22,26,28]

gni99 10.[128-131].*.*
gni 10.[128-131].*.*
gni0 10.128.*.*
o2ib1000(ib0) 172.24.10.[8,18]
o2ib1000(ib2) 172.24.10.[1,7]
o2ib1002(ib0) 172.22.10.[5,9,12,16,20,24,29]
o2ib1003(ib2) 172.23.10.[0,4,8,13,17,21,25]
o2ib1004(ib0) 172.22.10.[0,1,4,13,17,21,25]
o2ib1005(ib2) 172.23.10.[5,9,12,16,20,24,29]
o2ib1006(ib0) 172.22.10.[2,11,15,19,22,26,28]
o2ib1007(ib2) 172.23.10.[3,6,10,14,18,23,27]
o2ib1008(ib0) 172.22.10.[3,6,7,10,14,23,27]
o2ib1009(ib2) 172.23.10.[2,11,15,19,22,26,28]

gni99 10.[128-131].*.*
gni 10.[128-131].*.*
gni0 10.128.*.*
o2ib1000(ib0) 172.24.10.[8,18]
o2ib1000(ib2) 172.24.10.[1,7]
o2ib1002(ib0) 172.22.10.[5,9,12,16,20,24,29]
o2ib1003(ib2) 172.23.10.[0,4,8,13,17,21,25]
o2ib1004(ib0) 172.22.10.[0,1,4,13,17,21,25]
o2ib1005(ib2) 172.23.10.[5,9,12,16,20,24,29]
o2ib1006(ib0) 172.22.10.[2,11,15,19,22,26,28]
o2ib1007(ib2) 172.23.10.[3,6,10,14,18,23,27]
o2ib1008(ib0) 172.22.10.[3,6,7,10,14,23,27]
o2ib1009(ib2) 172.23.10.[2,11,15,19,22,26,28]

gni99 10.[128-131].*.*
gni 10.[128-131].*.*
gni0 10.128.*.*
o2ib1000(ib0) 172.24.10.[8,18]
o2ib1000(ib2) 172.24.10.[1,7]
o2ib1002(ib0) 172.22.10.[5,9,12,16,20,24,29]
o2ib1003(ib2) 172.23.10.[0,4,8,13,17,21,25]
o2ib1004(ib0) 172.22.10.[0,1,4,13,17,21,25]
o2ib1005(ib2) 172.23.10.[5,9,12,16,20,24,29]
o2ib1006(ib0) 172.22.10.[2,11,15,19,22,26,28]
o2ib1007(ib2) 172.23.10.[3,6,10,14,18,23,27]
o2ib1008(ib0) 172.22.10.[3,6,7,10,14,23,27]
o2ib1009(ib2) 172.23.10.[2,11,15,19,22,26,28]

gni99 10.[128-131].*.*
gni 10.[128-131].*.*
gni0 10.128.*.*
o2ib1000(ib0) 172.24.10.[8,18]
o2ib1000(ib2) 172.24.10.[1,7]
o2ib1002(ib0) 172.22.10.[5,9,12,16,20,24,29]
o2ib1003(ib2) 172.23.10.[0,4,8,13,17,21,25]
o2ib1004(ib0) 172.22.10.[0,1,4,13,17,21,25]
o2ib1005(ib2) 172.23.10.[5,9,12,16,20,24,29]
o2ib1006(ib0) 172.22.10.[2,11,15,19,22,26,28]
o2ib1007(ib2) 172.23.10.[3,6,10,14,18,23,27]
o2ib1008(ib0) 172.22.10.[3,6,7,10,14,23,27]
o2ib1009(ib2) 172.23.10.[2,11,15,19,22,26,28]

gni99 10.[128-131].*.*
gni 10.[128-131].*.*
gni0 10.128.*.*
o2ib1000(ib0) 172.24.10.[8,18]
o2ib1000(ib2) 172.24.10.[1,7]
o2ib1002(ib0) 172.22.10.[5,9,12,16,20,24,29]
o2ib1003(ib2) 172.23.10.[0,4,8,13,17,21,25]
o2ib1004(ib0) 172.22.10.[0,1,4,13,17,21,25]
o2ib1005(ib2) 172.23.10.[5,9,12,16,20,24,29]
o2ib1006(ib0) 172.22.10.[2,11,15,19,22,26,28]
o2ib1007(ib2) 172.23.10.[3,6,10,14,18,23,27]
o2ib1008(ib0) 172.22.10.[3,6,7,10,14,23,27]
o2ib1009(ib2) 172.23.10.[2,11,15,19,22,26,28]

gni99 10.[128-131].*.*
gni 10.[128-131].*.*
gni0 10.128.*.*
o2ib1000(ib0) 172.24.10.[8,18]
o2ib1000(ib2) 172.24.10.[1,7]
o2ib1002(ib0) 172.22.10.[5,9,12,16,20,24,29]
o2ib1003(ib2) 172.23.10.[0,4,8,13,17,21,25]
o2ib1004(ib0) 172.22.10.[0,1,4,13,17,21,25]
o2ib1005(ib2) 172.23.10.[5,9,12,16,20,24,29]
o2ib1006(ib0) 172.22.10.[2,11,15,19,22,26,28]
o2ib1007(ib2) 172.23.10.[3,6,10,14,18,23,27]
o2ib1008(ib0) 172.22.10.[3,6,7,10,14,23,27]
o2ib1009(ib2) 172.23.10.[2,11,15,19,22,26,28]

gni99 10.[128-131].*.*
gni 10.[128-131].*.*
gni0 10.128.*.*
o2ib1000(ib0) 172.24.10.[8,18]
o2ib1000(ib2) 172.24.10.[1,7]
o2ib1002(ib0) 172.22.10.[5,9,12,16,20,24,29]
o2ib1003(ib2) 172.23.10.[0,4,8,13,17,21,25]
o2ib1004(ib0) 172.22.10.[0,1,4,13,17,21,25]
o2ib1005(ib2) 172.23.10.[5,9,12,16,20,24,29]
o2ib1006(ib0) 172.22.10.[2,11,15,19,22,26,28]
o2ib1007(ib2) 172.23.10.[3,6,10,14,18,23,27]
o2ib1008(ib0) 172.22.10.[3,6,7,10,14,23,27]
o2ib1009(ib2) 172.23.10.[2,11,15,19,22,26,28]

gni99 10.[128-131].*.*
gni 10.[128-131].*.*
gni0 10.128.*.*
o2ib1000(ib0) 172.24.10.[8,18]
o2ib1000(ib2) 172.24.10.[1,7]
o2ib1002(ib0) 172.22.10.[5,9,12,16,20,24,29]
o2ib1003(ib2) 172.23.10.[0,4,8,13,17,21,25]
o2ib1004(ib0) 172.22.10.[0,1,4,13,17,21,25]
o2ib1005(ib2) 172.23.10.[5,9,12,16,20,24,29]
o2ib1006(ib0) 172.22.10.[2,11,15,19,22,26,28]
o2ib1007(ib2) 172.23.10.[3,6,10,14,18,23,27]
o2ib1008(ib0) 172.22.10.[3,6,7,10,14,23,27]
o2ib1009(ib2) 172.23.10.[2,11,15,19,22,26,28]

gni99 10.[128-131].*.*
gni 10.[128-131].*.*
gni0 10.128.*.*
o2ib1000(ib0) 172.24.10.[8,18]
o2ib1000(ib2) 172.24.10.[1,7]
o2ib1002(ib0) 172.22.10.[5,9,12,16,20,24,29]
o2ib1003(ib2) 172.23.10.[0,4,8,13,17,21,25]
o2ib1004(ib0) 172.22.10.[0,1,4,13,17,21,25]
o2ib1005(ib2) 172.23.10.[5,9,12,16,20,24,29]
o2ib1006(ib0) 172.22.10.[2,11,15,19,22,26,28]
o2ib1007(ib2) 172.23.10.[3,6,10,14,18,23,27]
o2ib1008(ib0) 172.22.10.[3,6,7,10,14,23,27]
o2ib1009(ib2) 172.23.10.[2,11,15,19,22,26,28]

gni99 10.[128-131].*.*
gni 10.[128-131].*.*
gni0 10.128.*.*
o2ib1000(ib0) 172.24.10.[8,18]
o2ib1000(ib2) 172.24.10.[1,7]
o2ib1002(ib0) 172.22.10.[5,9,12,16,20,24,29]
o2ib1003(ib2) 172.23.10.[0,4,8,13,17,21,25]
o2ib1004(ib0) 172.22.10.[0,1,4,13,17,21,25]
o2ib1005(ib2) 172.23.10.[5,9,12,16,20,24,29]
o2ib1006(ib0) 172.22.10.[2,11,15,19,22,26,28]
o2ib1007(ib2) 172.23.10.[3,6,10,14,18,23,27]
o2ib1008(ib0) 172.22.10.[3,6,7,10,14,23,27]
o2ib1009(ib2) 172.23.10.[2,11,15,19,22,26,28]

gni99 10.[128-131].*.*
gni 10.[128-131].*.*
gni0 10.128.*.*
o2ib1000(ib0) 172.24.10.[8,18]
o2ib1000(ib2) 172.24.10.[1,7]
o2ib1002(ib0) 172.22.10.[5,9,12,16,20,24,29]
o2ib1003(ib2) 172.23.10.[0,4,8,13,17,21,25]
o2ib1004(ib0) 172.22.10.[0,1,4,13,17,21,25]
o2ib1005(ib2) 172.23.10.[5,9,12,16,20,24,29]
o2ib1006(ib0) 172.22.10.[2,11,15,19,22,26,28]
o2ib1007(ib2) 172.23.10.[3,6,10,14,18,23,27]
o2ib1008(ib0) 172.22.10.[3,6,7,10,14,23,27]
o2ib1009(ib2) 172.23.10.[2,11,15,19,22,26,28]

gni99 10.[128-131].*.*
gni 10.[128-131].*.*
gni0 10.128.*.*
o2ib1000(ib0) 172.24.10.[8,18]
o2ib1000(ib2) 172.24.10.[1,7]
o2ib1002(ib0) 172.22.10.[5,9,12,16,20,24,29]
o2ib1003(ib2) 172.23.10.[0,4,8,13,17,21,25]
o2ib1004(ib0) 172.22.10.[0,1,4,13,17,21,25]
o2ib1005(ib2) 172.23.10.[5,9,12,16,20,24,29]
o2ib1006(ib0) 172.22.10.[2,11,15,19,22,26,28]
o2ib1007(ib2) 172.23.10.[3,6,10,14,18,23,27]
o2ib1008(ib0) 172.22.10.[3,6,7,10,14,23,27]
o2ib1009(ib2) 172.23.10.[2,11,15,19,22,26,28]
Routing disabled
net      hops priority   state router
o2ib1000    1        0      up 846@gni
o2ib1000    1        0      up 2322@gni
o2ib1000    1        0      up 14@gni
o2ib1000    1        0      up 462@gni
o2ib1002    1        0      up 1998@gni
o2ib1002    1        0      up 3154@gni
o2ib1002    1        0      up 142@gni
o2ib1002    1        0      up 2770@gni
o2ib1002    1        0      up 914@gni
o2ib1002    1        0      up 2386@gni
o2ib1002    1        0      up 1294@gni
o2ib1003    1        0      up 2382@gni
o2ib1003    1        0      up 1170@gni
o2ib1003    1        0      up 1682@gni
o2ib1003    1        0      up 2766@gni
o2ib1003    1        0      up 146@gni
o2ib1003    1        0      up 846@gni
o2ib1003    1        0      up 18@gni
o2ib1004    1        0      up 1682@gni
o2ib1004    1        0      up 2766@gni
o2ib1004    1        0      up 18@gni
o2ib1004    1        0      up 1170@gni
o2ib1004    1        0      up 14@gni
o2ib1004    1        0      up 146@gni
o2ib1004    1        0      up 2382@gni
o2ib1005    1        0      up 914@gni
o2ib1005    1        0      up 2770@gni
o2ib1005    1        0      up 1294@gni
o2ib1005    1        0      up 3154@gni
o2ib1005    1        0      up 2386@gni
o2ib1005    1        0      up 1998@gni
o2ib1005    1        0      up 142@gni
o2ib1006    1        0      up 1234@gni
o2ib1006    1        0      up 2066@gni
o2ib1006    1        0      up 3218@gni
o2ib1006    1        0      up 1298@gni
o2ib1006    1        0      up 2450@gni
o2ib1006    1        0      up 3150@gni
Routing disabled
net      hops priority   state router
o2ib1000    1        0      up 846@gni
o2ib1000    1        0      up 2322@gni
o2ib1000    1        0      up 462@gni
o2ib1000    1        0      up 14@gni
o2ib1002    1        0      up 1294@gni
o2ib1002    1        0      up 2386@gni
o2ib1002    1        0      up 1998@gni
o2ib1002    1        0      up 3154@gni
o2ib1002    1        0      up 142@gni
o2ib1002    1        0      up 2770@gni
o2ib1002    1        0      up 914@gni
o2ib1003    1        0      up 2766@gni
o2ib1003    1        0      up 146@gni
Routing disabled
net      hops priority   state router
o2ib1000    1        0      up 14@gni
o2ib1000    1        0      up 2322@gni
o2ib1006    1        0      up 82@gni
o2ib1007    1        0      up 1614@gni
o2ib1007    1        0      up 1230@gni
o2ib1007    1        0      up 78@gni
o2ib1007    1        0      up 2446@gni
o2ib1007    1        0      up 530@gni
o2ib1007    1        0      up 2322@gni
o2ib1007    1        0      up 2834@gni
o2ib1008    1        0      up 1614@gni
o2ib1008    1        0      up 2834@gni
o2ib1008    1        0      up 1230@gni
o2ib1008    1        0      up 2446@gni
o2ib1008    1        0      up 462@gni
o2ib1000    1        0      up 462@gni
o2ib1000    1        0      up 846@gni
o2ib1002    1        0      up 1998@gni
o2ib1002    1        0      up 3154@gni
o2ib1002    1        0      up 142@gni
o2ib1002    1        0      up 914@gni
o2ib1002    1        0      up 2770@gni
o2ib1002    1        0      up 2386@gni
o2ib1002    1        0      up 1294@gni
o2ib1003    1        0      up 146@gni
o2ib1003    1        0      up 18@gni
o2ib1003    1        0      up 2382@gni
o2ib1003    1        0      up 18@gni
o2ib1003    1        0      up 2382@gni
o2ib1003    1        0      up 1170@gni
o2ib1003    1        0      up 846@gni
o2ib1003    1        0      up 1682@gni
o2ib1004    1        0      up 146@gni
o2ib1004    1        0      up 18@gni
o2ib1004    1        0      up 2766@gni
o2ib1004    1        0      up 14@gni
o2ib1004    1        0      up 2382@gni
o2ib1004    1        0      up 1170@gni
o2ib1004    1        0      up 1682@gni
o2ib1005    1        0      up 914@gni
o2ib1005    1        0      up 2770@gni
o2ib1005    1        0      up 3154@gni
o2ib1005    1        0      up 142@gni
o2ib1005    1        0      up 2386@gni
o2ib1005    1        0      up 1998@gni
o2ib1005    1        0      up 1294@gni
o2ib1006    1        0      up 82@gni
o2ib1006    1        0      up 3218@gni
o2ib1006    1        0      up 1234@gni
o2ib1006    1        0      up 2450@gni
o2ib1003    1        0      up 846@gni
o2ib1003    1        0      up 1170@gni
o2ib1003    1        0      up 2766@gni
o2ib1003    1        0      up 1682@gni
o2ib1004    1        0      up 18@gni
o2ib1004    1        0      up 1682@gni
o2ib1004    1        0      up 146@gni
o2ib1004    1        0      up 1170@gni
o2ib1004    1        0      up 14@gni
o2ib1008    1        0      up 530@gni
o2ib1008    1        0      up 78@gni
o2ib1009    1        0      up 3218@gni
o2ib1009    1        0      up 3150@gni
o2ib1009    1        0      up 2450@gni
o2ib1009    1        0      up 1234@gni
Routing disabled
net      hops priority   state router
o2ib1000    1        0      up 2322@gni
o2ib1000    1        0      up 846@gni
Routing disabled
net      hops priority   state router
o2ib1000    1        0      up 14@gni
o2ib1000    1        0      up 462@gni
o2ib1002    1        0      up 2386@gni
o2ib1002    1        0      up 3154@gni
o2ib1002    1        0      up 1998@gni
o2ib1002    1        0      up 142@gni
o2ib1002    1        0      up 1294@gni
o2ib1002    1        0      up 914@gni
o2ib1002    1        0      up 2770@gni
o2ib1003    1        0      up 1170@gni
o2ib1003    1        0      up 2766@gni
o2ib1003    1        0      up 146@gni
Routing disabled
net      hops priority   state router
o2ib1000    1        0      up 2322@gni
o2ib1009    1        0      up 2066@gni
o2ib1009    1        0      up 1298@gni
o2ib1009    1        0      up 82@gni
o2ib1004    1        0      up 2766@gni
o2ib1004    1        0      up 2382@gni
o2ib1005    1        0      up 914@gni
o2ib1005    1        0      up 1998@gni
o2ib1005    1        0      up 1294@gni
o2ib1005    1        0      up 3154@gni
o2ib1005    1        0      up 2770@gni
o2ib1006    1        0      up 1298@gni
o2ib1006    1        0      up 2066@gni
o2ib1006    1        0      up 3150@gni
o2ib1007    1        0      up 78@gni
o2ib1007    1        0      up 1614@gni
o2ib1007    1        0      up 1230@gni
o2ib1007    1        0      up 530@gni
o2ib1007    1        0      up 2322@gni
Routing disabled
net      hops priority   state router
o2ib1000    1        0      up 2322@gni
o2ib1007    1        0      up 2834@gni
o2ib1007    1        0      up 2446@gni
o2ib1008    1        0      up 1614@gni
o2ib1008    1        0      up 462@gni
o2ib1008    1        0      up 530@gni
o2ib1008    1        0      up 2834@gni
o2ib1005    1        0      up 2386@gni
o2ib1005    1        0      up 142@gni
o2ib1006    1        0      up 2450@gni
o2ib1006    1        0      up 1298@gni
o2ib1006    1        0      up 2066@gni
o2ib1006    1        0      up 3150@gni
o2ib1006    1        0      up 3218@gni
Routing disabled
net      hops priority   state router
o2ib1000    1        0      up 846@gni
o2ib1000    1        0      up 846@gni
o2ib1000    1        0      up 14@gni
o2ib1000    1        0      up 462@gni
o2ib1002    1        0      up 3154@gni
o2ib1002    1        0      up 2770@gni
o2ib1002    1        0      up 1998@gni
o2ib1002    1        0      up 2386@gni
o2ib1002    1        0      up 142@gni
o2ib1002    1        0      up 1294@gni
o2ib1002    1        0      up 914@gni
o2ib1003    1        0      up 2382@gni
o2ib1003    1        0      up 18@gni
o2ib1003    1        0      up 18@gni
o2ib1003    1        0      up 846@gni
o2ib1003    1        0      up 1682@gni
o2ib1003    1        0      up 2382@gni
o2ib1004    1        0      up 2382@gni
o2ib1004    1        0      up 1682@gni
o2ib1000    1        0      up 846@gni
o2ib1000    1        0      up 462@gni
o2ib1000    1        0      up 14@gni
o2ib1000    1        0      up 2322@gni
o2ib1002    1        0      up 1294@gni
o2ib1002    1        0      up 3154@gni
o2ib1002    1        0      up 914@gni
o2ib1002    1        0      up 2386@gni
o2ib1002    1        0      up 1998@gni
Routing disabled
net      hops priority   state router
o2ib1000    1        0      up 462@gni
o2ib1000    1        0      up 14@gni
o2ib1000    1        0      up 2322@gni
o2ib1000    1        0      up 846@gni
o2ib1002    1        0      up 1998@gni
o2ib1002    1        0      up 3154@gni
o2ib1002    1        0      up 142@gni
o2ib1002    1        0      up 2386@gni
o2ib1002    1        0      up 1294@gni
o2ib1002    1        0      up 914@gni
o2ib1002    1        0      up 2770@gni
o2ib1003    1        0      up 846@gni
o2ib1003    1        0      up 146@gni
o2ib1003    1        0      up 2382@gni
o2ib1003    1        0      up 18@gni
o2ib1003    1        0      up 1682@gni
o2ib1003    1        0      up 2766@gni
o2ib1003    1        0      up 1170@gni
o2ib1004    1        0      up 146@gni
o2ib1004    1        0      up 18@gni
o2ib1004    1        0      up 1170@gni
o2ib1004    1        0      up 1682@gni
o2ib1004    1        0      up 2382@gni
o2ib1004    1        0      up 14@gni
o2ib1004    1        0      up 2766@gni
o2ib1005    1        0      up 1998@gni
o2ib1005    1        0      up 3154@gni
o2ib1005    1        0      up 1294@gni
o2ib1005    1        0      up 914@gni
o2ib1005    1        0      up 142@gni
o2ib1005    1        0      up 2386@gni
o2ib1005    1        0      up 2770@gni
o2ib1006    1        0      up 2066@gni
o2ib1006    1        0      up 1298@gni
o2ib1002    1        0      up 142@gni
o2ib1002    1        0      up 2770@gni
o2ib1003    1        0      up 1170@gni
o2ib1003    1        0      up 146@gni
o2ib1003    1        0      up 1682@gni
o2ib1003    1        0      up 2766@gni
o2ib1003    1        0      up 2382@gni
o2ib1003    1        0      up 18@gni
o2ib1004    1        0      up 146@gni
o2ib1004    1        0      up 14@gni
o2ib1004    1        0      up 1170@gni
o2ib1004    1        0      up 2766@gni
o2ib1004    1        0      up 18@gni
o2ib1005    1        0      up 2386@gni
o2ib1005    1        0      up 2770@gni
o2ib1005    1        0      up 914@gni
o2ib1005    1        0      up 1998@gni
o2ib1003    1        0      up 2766@gni
o2ib1003    1        0      up 146@gni
o2ib1003    1        0      up 1682@gni
o2ib1003    1        0      up 1170@gni
o2ib1003    1        0      up 846@gni
o2ib1004    1        0      up 1682@gni
o2ib1004    1        0      up 18@gni
o2ib1004    1        0      up 14@gni
o2ib1004    1        0      up 146@gni
o2ib1000    1        0      up 2322@gni
o2ib1000    1        0      up 14@gni
o2ib1000    1        0      up 462@gni
o2ib1002    1        0      up 1998@gni
o2ib1002    1        0      up 3154@gni
o2ib1002    1        0      up 142@gni
o2ib1002    1        0      up 2770@gni
o2ib1006    1        0      up 82@gni
o2ib1006    1        0      up 1234@gni
o2ib1007    1        0      up 1614@gni
o2ib1007    1        0      up 1230@gni
o2ib1007    1        0      up 2322@gni
o2ib1007    1        0      up 530@gni
o2ib1008    1        0      up 2446@gni
o2ib1008    1        0      up 78@gni
o2ib1008    1        0      up 1230@gni
o2ib1009    1        0      up 1234@gni
o2ib1009    1        0      up 3150@gni
o2ib1009    1        0      up 1298@gni
o2ib1009    1        0      up 2450@gni
o2ib1000    1        0      up 846@gni
o2ib1000    1        0      up 462@gni
o2ib1000    1        0      up 14@gni
o2ib1002    1        0      up 142@gni
o2ib1002    1        0      up 3154@gni
o2ib1002    1        0      up 1294@gni
o2ib1002    1        0      up 2386@gni
o2ib1002    1        0      up 1998@gni
o2ib1002    1        0      up 2770@gni
o2ib1002    1        0      up 914@gni
o2ib1003    1        0      up 18@gni
o2ib1003    1        0      up 146@gni
o2ib1003    1        0      up 2382@gni
o2ib1009    1        0      up 3218@gni
o2ib1009    1        0      up 2066@gni
o2ib1009    1        0      up 82@gni
o2ib1007    1        0      up 78@gni
o2ib1007    1        0      up 2834@gni
o2ib1007    1        0      up 2446@gni
o2ib1008    1        0      up 530@gni
o2ib1008    1        0      up 462@gni
o2ib1008    1        0      up 2834@gni
o2ib1002    1        0      up 914@gni
o2ib1002    1        0      up 2386@gni
o2ib1002    1        0      up 1294@gni
o2ib1003    1        0      up 2382@gni
o2ib1003    1        0      up 1170@gni
o2ib1004    1        0      up 2382@gni
o2ib1004    1        0      up 1170@gni
o2ib1004    1        0      up 2766@gni
o2ib1005    1        0      up 142@gni
o2ib1005    1        0      up 1294@gni
o2ib1005    1        0      up 2770@gni
o2ib1005    1        0      up 2386@gni
o2ib1005    1        0      up 3154@gni
o2ib1005    1        0      up 142@gni
o2ib1005    1        0      up 3154@gni
o2ib1005    1        0      up 1294@gni
o2ib1006    1        0      up 1234@gni
o2ib1006    1        0      up 3150@gni
o2ib1006    1        0      up 2450@gni
o2ib1006    1        0      up 1298@gni
o2ib1006    1        0      up 3218@gni
o2ib1003    1        0      up 846@gni
o2ib1004    1        0      up 14@gni
o2ib1004    1        0      up 1170@gni
o2ib1004    1        0      up 2766@gni
o2ib1004    1        0      up 1682@gni
o2ib1004    1        0      up 146@gni
o2ib1004    1        0      up 18@gni
o2ib1006    1        0      up 1234@gni
o2ib1006    1        0      up 3218@gni
o2ib1006    1        0      up 3150@gni
o2ib1006    1        0      up 82@gni
o2ib1006    1        0      up 2450@gni
o2ib1007    1        0      up 2834@gni
o2ib1007    1        0      up 78@gni
o2ib1007    1        0      up 530@gni
o2ib1007    1        0      up 2446@gni
o2ib1007    1        0      up 2322@gni
o2ib1007    1        0      up 1614@gni
o2ib1007    1        0      up 1230@gni
o2ib1008    1        0      up 530@gni
o2ib1008    1        0      up 78@gni
o2ib1008    1        0      up 1230@gni
o2ib1008    1        0      up 462@gni
o2ib1008    1        0      up 2446@gni
o2ib1008    1        0      up 2834@gni
o2ib1008    1        0      up 1614@gni
o2ib1009    1        0      up 2066@gni
o2ib1009    1        0      up 1298@gni
o2ib1009    1        0      up 3218@gni
o2ib1009    1        0      up 2450@gni
o2ib1009    1        0      up 82@gni
o2ib1009    1        0      up 3150@gni
o2ib1009    1        0      up 1234@gni
o2ib1004    1        0      up 2382@gni
o2ib1005    1        0      up 142@gni
o2ib1005    1        0      up 2386@gni
o2ib1005    1        0      up 3154@gni
o2ib1005    1        0      up 914@gni
o2ib1005    1        0      up 2770@gni
o2ib1005    1        0      up 1294@gni
o2ib1006    1        0      up 82@gni
o2ib1006    1        0      up 2066@gni
o2ib1007    1        0      up 530@gni
o2ib1007    1        0      up 1230@gni
o2ib1007    1        0      up 78@gni
o2ib1007    1        0      up 2322@gni
o2ib1005    1        0      up 1998@gni
o2ib1005    1        0      up 914@gni
o2ib1006    1        0      up 2066@gni
o2ib1006    1        0      up 1234@gni
o2ib1006    1        0      up 3218@gni
o2ib1006    1        0      up 82@gni
o2ib1006    1        0      up 3150@gni
o2ib1006    1        0      up 2450@gni
o2ib1003    1        0      up 1682@gni
o2ib1003    1        0      up 2766@gni
o2ib1003    1        0      up 146@gni
o2ib1003    1        0      up 846@gni
o2ib1003    1        0      up 18@gni
o2ib1008    1        0      up 78@gni
o2ib1008    1        0      up 1230@gni
o2ib1008    1        0      up 2446@gni
o2ib1008    1        0      up 1614@gni
o2ib1009    1        0      up 2450@gni
o2ib1009    1        0      up 1234@gni
o2ib1009    1        0      up 2066@gni
Routing disabled
net      hops priority   state router
o2ib1000    1        0      up 846@gni
o2ib1003    1        0      up 2766@gni
o2ib1003    1        0      up 846@gni
o2ib1003    1        0      up 1682@gni
o2ib1003    1        0      up 1170@gni
o2ib1004    1        0      up 2382@gni
o2ib1004    1        0      up 1170@gni
o2ib1004    1        0      up 146@gni
o2ib1004    1        0      up 2766@gni
o2ib1004    1        0      up 18@gni
o2ib1000    1        0      up 2322@gni
o2ib1000    1        0      up 462@gni
o2ib1000    1        0      up 14@gni
o2ib1002    1        0      up 1294@gni
o2ib1002    1        0      up 2386@gni
o2ib1002    1        0      up 1998@gni
o2ib1009    1        0      up 82@gni
o2ib1009    1        0      up 1298@gni
o2ib1009    1        0      up 3150@gni
o2ib1009    1        0      up 3218@gni
o2ib1004    1        0      up 1682@gni
o2ib1006    1        0      up 1298@gni
o2ib1007    1        0      up 2322@gni
o2ib1007    1        0      up 530@gni
o2ib1007    1        0      up 1614@gni
o2ib1007    1        0      up 1230@gni
o2ib1007    1        0      up 2834@gni
o2ib1007    1        0      up 2446@gni
o2ib1007    1        0      up 78@gni
o2ib1007    1        0      up 1614@gni
o2ib1007    1        0      up 2834@gni
o2ib1007    1        0      up 2446@gni
o2ib1008    1        0      up 1614@gni
o2ib1008    1        0      up 1230@gni
o2ib1008    1        0      up 2446@gni
o2ib1008    1        0      up 462@gni
o2ib1005    1        0      up 1998@gni
o2ib1006    1        0      up 1234@gni
o2ib1006    1        0      up 3150@gni
o2ib1006    1        0      up 2450@gni
o2ib1006    1        0      up 2066@gni
o2ib1006    1        0      up 1298@gni
o2ib1006    1        0      up 82@gni
o2ib1006    1        0      up 3218@gni
o2ib1007    1        0      up 78@gni
o2ib1007    1        0      up 2446@gni
o2ib1007    1        0      up 2322@gni
o2ib1007    1        0      up 530@gni
o2ib1007    1        0      up 1614@gni
o2ib1008    1        0      up 530@gni
o2ib1008    1        0      up 78@gni
o2ib1008    1        0      up 2834@gni
o2ib1009    1        0      up 1234@gni
o2ib1009    1        0      up 2066@gni
o2ib1009    1        0      up 1298@gni
o2ib1009    1        0      up 3150@gni
o2ib1008    1        0      up 462@gni
o2ib1008    1        0      up 78@gni
o2ib1008    1        0      up 2446@gni
o2ib1008    1        0      up 1230@gni
o2ib1008    1        0      up 1614@gni
o2ib1008    1        0      up 530@gni
o2ib1004    1        0      up 2766@gni
Routing disabled
net      hops priority   state router
o2ib1000    1        0      up 14@gni
o2ib1002    1        0      up 3154@gni
o2ib1002    1        0      up 142@gni
o2ib1004    1        0      up 1682@gni
o2ib1004    1        0      up 14@gni
o2ib1005    1        0      up 2770@gni
o2ib1005    1        0      up 914@gni
o2ib1005    1        0      up 142@gni
o2ib1005    1        0      up 3154@gni
o2ib1005    1        0      up 1294@gni
o2ib1005    1        0      up 2386@gni
o2ib1005    1        0      up 1998@gni
o2ib1002    1        0      up 2770@gni
o2ib1002    1        0      up 914@gni
o2ib1000    1        0      up 2322@gni
o2ib1000    1        0      up 462@gni
o2ib1000    1        0      up 846@gni
o2ib1002    1        0      up 1998@gni
o2ib1002    1        0      up 3154@gni
o2ib1002    1        0      up 142@gni
o2ib1002    1        0      up 914@gni
o2ib1002    1        0      up 2770@gni
o2ib1004    1        0      up 18@gni
o2ib1004    1        0      up 1170@gni
o2ib1004    1        0      up 14@gni
o2ib1004    1        0      up 146@gni
o2ib1008    1        0      up 2834@gni
o2ib1009    1        0      up 3218@gni
o2ib1009    1        0      up 3150@gni
o2ib1009    1        0      up 2066@gni
o2ib1009    1        0      up 2450@gni
o2ib1009    1        0      up 82@gni
o2ib1009    1        0      up 1298@gni
o2ib1009    1        0      up 82@gni
o2ib1009    1        0      up 3218@gni
o2ib1009    1        0      up 2450@gni
o2ib1007    1        0      up 1230@gni
o2ib1007    1        0      up 2834@gni
o2ib1008    1        0      up 78@gni
o2ib1008    1        0      up 462@gni
o2ib1008    1        0      up 2834@gni
o2ib1008    1        0      up 1230@gni
o2ib1008    1        0      up 530@gni
o2ib1008    1        0      up 2446@gni
o2ib1008    1        0      up 1614@gni
o2ib1009    1        0      up 2066@gni
o2ib1009    1        0      up 3218@gni
o2ib1009    1        0      up 2450@gni
o2ib1009    1        0      up 82@gni
Routing disabled
net      hops priority   state router
o2ib1000    1        0      up 2322@gni
o2ib1009    1        0      up 1234@gni
o2ib1004    1        0      up 2382@gni
o2ib1005    1        0      up 914@gni
o2ib1002    1        0      up 2386@gni
o2ib1002    1        0      up 1294@gni
o2ib1003    1        0      up 146@gni
o2ib1003    1        0      up 18@gni
o2ib1003    1        0      up 2766@gni
o2ib1003    1        0      up 146@gni
o2ib1003    1        0      up 18@gni
o2ib1003    1        0      up 2382@gni
o2ib1006    1        0      up 3150@gni
o2ib1006    1        0      up 1234@gni
o2ib1006    1        0      up 2450@gni
o2ib1006    1        0      up 2066@gni
o2ib1006    1        0      up 82@gni
o2ib1006    1        0      up 3218@gni
o2ib1006    1        0      up 1298@gni
o2ib1007    1        0      up 1230@gni
o2ib1007    1        0      up 2834@gni
o2ib1003    1        0      up 1170@gni
o2ib1003    1        0      up 846@gni
o2ib1003    1        0      up 1682@gni
o2ib1004    1        0      up 146@gni
o2ib1003    1        0      up 2382@gni
o2ib1003    1        0      up 846@gni
o2ib1005    1        0      up 2770@gni
o2ib1005    1        0      up 1294@gni
o2ib1005    1        0      up 3154@gni
o2ib1005    1        0      up 2386@gni
o2ib1005    1        0      up 1998@gni
Routing disabled
net      hops priority   state router
o2ib1000    1        0      up 2322@gni
o2ib1000    1        0      up 846@gni
o2ib1000    1        0      up 14@gni
o2ib1000    1        0      up 462@gni
o2ib1002    1        0      up 2386@gni
o2ib1002    1        0      up 3154@gni
o2ib1002    1        0      up 1998@gni
o2ib1002    1        0      up 142@gni
o2ib1009    1        0      up 1298@gni
o2ib1009    1        0      up 3150@gni
o2ib1009    1        0      up 1234@gni
Routing disabled
net      hops priority   state router
o2ib1000    1        0      up 846@gni
o2ib1002    1        0      up 1294@gni
o2ib1002    1        0      up 914@gni
o2ib1002    1        0      up 2770@gni
o2ib1003    1        0      up 1170@gni
o2ib1000    1        0      up 846@gni
o2ib1000    1        0      up 14@gni
o2ib1000    1        0      up 462@gni
o2ib1002    1        0      up 3154@gni
o2ib1002    1        0      up 2770@gni
o2ib1002    1        0      up 1998@gni
o2ib1002    1        0      up 2386@gni
o2ib1002    1        0      up 142@gni
o2ib1005    1        0      up 142@gni
o2ib1006    1        0      up 1234@gni
o2ib1006    1        0      up 2066@gni
o2ib1003    1        0      up 1170@gni
o2ib1004    1        0      up 18@gni
o2ib1004    1        0      up 2766@gni
o2ib1004    1        0      up 14@gni
o2ib1004    1        0      up 2382@gni
o2ib1007    1        0      up 78@gni
o2ib1007    1        0      up 1614@gni
o2ib1007    1        0      up 2446@gni
o2ib1007    1        0      up 530@gni
o2ib1007    1        0      up 2322@gni
o2ib1008    1        0      up 1614@gni
o2ib1008    1        0      up 1230@gni
o2ib1008    1        0      up 2446@gni
o2ib1004    1        0      up 1170@gni
o2ib1004    1        0      up 1682@gni
o2ib1005    1        0      up 914@gni
o2ib1005    1        0      up 2770@gni
o2ib1003    1        0      up 2766@gni
o2ib1003    1        0      up 1682@gni
o2ib1004    1        0      up 18@gni
o2ib1006    1        0      up 3218@gni
o2ib1002    1        0      up 1294@gni
o2ib1002    1        0      up 914@gni
o2ib1003    1        0      up 2382@gni
o2ib1003    1        0      up 2766@gni
o2ib1003    1        0      up 146@gni
o2ib1003    1        0      up 18@gni
o2ib1000    1        0      up 462@gni
o2ib1000    1        0      up 14@gni
o2ib1000    1        0      up 2322@gni
o2ib1002    1        0      up 1294@gni
o2ib1002    1        0      up 3154@gni
o2ib1002    1        0      up 914@gni
o2ib1002    1        0      up 2386@gni
o2ib1002    1        0      up 1998@gni
o2ib1002    1        0      up 142@gni
o2ib1002    1        0      up 2770@gni
o2ib1003    1        0      up 1170@gni
o2ib1003    1        0      up 146@gni
o2ib1003    1        0      up 846@gni
o2ib1003    1        0      up 1682@gni
o2ib1003    1        0      up 18@gni
o2ib1003    1        0      up 2766@gni
o2ib1006    1        0      up 1298@gni
o2ib1004    1        0      up 1682@gni
o2ib1004    1        0      up 146@gni
o2ib1004    1        0      up 1170@gni
o2ib1005    1        0      up 3154@gni
o2ib1005    1        0      up 142@gni
o2ib1005    1        0      up 2386@gni
o2ib1005    1        0      up 1998@gni
o2ib1008    1        0      up 78@gni
o2ib1008    1        0      up 2834@gni
o2ib1008    1        0      up 530@gni
o2ib1008    1        0      up 462@gni
o2ib1009    1        0      up 2450@gni
o2ib1009    1        0      up 3218@gni
o2ib1009    1        0      up 3150@gni
o2ib1009    1        0      up 2066@gni
o2ib1009    1        0      up 82@gni
o2ib1009    1        0      up 1298@gni
o2ib1005    1        0      up 1294@gni
o2ib1006    1        0      up 82@gni
o2ib1004    1        0      up 14@gni
o2ib1004    1        0      up 2766@gni
o2ib1004    1        0      up 2382@gni
o2ib1006    1        0      up 2450@gni
o2ib1006    1        0      up 3150@gni
o2ib1006    1        0      up 82@gni
o2ib1003    1        0      up 146@gni
o2ib1003    1        0      up 1682@gni
o2ib1003    1        0      up 1170@gni
o2ib1003    1        0      up 846@gni
o2ib1004    1        0      up 1682@gni
o2ib1003    1        0      up 2382@gni
o2ib1004    1        0      up 2382@gni
o2ib1003    1        0      up 1682@gni
o2ib1003    1        0      up 2766@gni
o2ib1003    1        0      up 2382@gni
o2ib1003    1        0      up 18@gni
o2ib1003    1        0      up 846@gni
o2ib1004    1        0      up 1682@gni
o2ib1004    1        0      up 146@gni
o2ib1004    1        0      up 18@gni
o2ib1004    1        0      up 14@gni
o2ib1004    1        0      up 146@gni
o2ib1004    1        0      up 2382@gni
o2ib1007    1        0      up 1614@gni
o2ib1005    1        0      up 914@gni
o2ib1005    1        0      up 1998@gni
o2ib1005    1        0      up 1294@gni
o2ib1005    1        0      up 3154@gni
o2ib1005    1        0      up 2770@gni
o2ib1005    1        0      up 2386@gni
o2ib1005    1        0      up 142@gni
o2ib1006    1        0      up 3218@gni
o2ib1006    1        0      up 1234@gni
o2ib1009    1        0      up 1234@gni
Routing disabled
net      hops priority   state router
o2ib1000    1        0      up 2322@gni
o2ib1006    1        0      up 2450@gni
o2ib1006    1        0      up 1298@gni
o2ib1006    1        0      up 2066@gni
o2ib1006    1        0      up 2450@gni
o2ib1006    1        0      up 1298@gni
o2ib1006    1        0      up 2066@gni
o2ib1006    1        0      up 3150@gni
o2ib1007    1        0      up 1230@gni
o2ib1007    1        0      up 78@gni
o2ib1007    1        0      up 2446@gni
o2ib1007    1        0      up 530@gni
o2ib1004    1        0      up 1170@gni
o2ib1004    1        0      up 2766@gni
o2ib1004    1        0      up 14@gni
o2ib1004    1        0      up 1170@gni
o2ib1004    1        0      up 2766@gni
o2ib1004    1        0      up 18@gni
o2ib1004    1        0      up 14@gni
o2ib1004    1        0      up 1170@gni
o2ib1004    1        0      up 2766@gni
o2ib1004    1        0      up 1682@gni
o2ib1004    1        0      up 146@gni
o2ib1004    1        0      up 18@gni
o2ib1004    1        0      up 2382@gni
o2ib1005    1        0      up 2386@gni
o2ib1005    1        0      up 2770@gni
o2ib1005    1        0      up 914@gni
o2ib1005    1        0      up 1998@gni
o2ib1005    1        0      up 142@gni
o2ib1005    1        0      up 1294@gni
o2ib1005    1        0      up 2770@gni
o2ib1007    1        0      up 2322@gni
o2ib1007    1        0      up 2834@gni
o2ib1008    1        0      up 1614@gni
o2ib1006    1        0      up 3218@gni
o2ib1006    1        0      up 82@gni
o2ib1006    1        0      up 1234@gni
o2ib1007    1        0      up 1614@gni
o2ib1007    1        0      up 1230@gni
o2ib1007    1        0      up 2322@gni
o2ib1007    1        0      up 530@gni
o2ib1006    1        0      up 3150@gni
o2ib1007    1        0      up 78@gni
o2ib1007    1        0      up 1614@gni
o2ib1000    1        0      up 846@gni
o2ib1000    1        0      up 462@gni
o2ib1000    1        0      up 14@gni
o2ib1002    1        0      up 142@gni
o2ib1002    1        0      up 3154@gni
o2ib1002    1        0      up 1294@gni
o2ib1002    1        0      up 2386@gni
o2ib1002    1        0      up 1998@gni
o2ib1002    1        0      up 2770@gni
o2ib1002    1        0      up 914@gni
o2ib1003    1        0      up 18@gni
o2ib1007    1        0      up 1230@gni
o2ib1007    1        0      up 78@gni
o2ib1007    1        0      up 2834@gni
o2ib1007    1        0      up 2446@gni
o2ib1008    1        0      up 530@gni
o2ib1008    1        0      up 462@gni
o2ib1008    1        0      up 2834@gni
o2ib1008    1        0      up 78@gni
o2ib1008    1        0      up 1230@gni
o2ib1008    1        0      up 2834@gni
o2ib1008    1        0      up 1230@gni
o2ib1008    1        0      up 2446@gni
o2ib1008    1        0      up 462@gni
o2ib1005    1        0      up 2386@gni
o2ib1005    1        0      up 3154@gni
o2ib1005    1        0      up 1998@gni
o2ib1005    1        0      up 142@gni
o2ib1005    1        0      up 3154@gni
o2ib1005    1        0      up 1294@gni
o2ib1005    1        0      up 142@gni
o2ib1005    1        0      up 2386@gni
o2ib1005    1        0      up 3154@gni
o2ib1005    1        0      up 914@gni
o2ib1005    1        0      up 2770@gni
o2ib1006    1        0      up 1234@gni
o2ib1006    1        0      up 3150@gni
o2ib1006    1        0      up 2450@gni
o2ib1006    1        0      up 1298@gni
o2ib1005    1        0      up 914@gni
o2ib1006    1        0      up 2066@gni
o2ib1006    1        0      up 1234@gni
o2ib1008    1        0      up 530@gni
o2ib1008    1        0      up 2446@gni
o2ib1008    1        0      up 1614@gni
o2ib1009    1        0      up 2450@gni
o2ib1007    1        0      up 530@gni
o2ib1007    1        0      up 2322@gni
o2ib1007    1        0      up 2834@gni
o2ib1007    1        0      up 2446@gni
o2ib1008    1        0      up 1614@gni
o2ib1003    1        0      up 146@gni
o2ib1003    1        0      up 2382@gni
o2ib1003    1        0      up 2766@gni
o2ib1003    1        0      up 846@gni
o2ib1003    1        0      up 1682@gni
o2ib1003    1        0      up 1170@gni
o2ib1004    1        0      up 2382@gni
o2ib1004    1        0      up 1170@gni
o2ib1004    1        0      up 146@gni
o2ib1008    1        0      up 462@gni
o2ib1008    1        0      up 530@gni
o2ib1008    1        0      up 2834@gni
o2ib1008    1        0      up 2446@gni
o2ib1009    1        0      up 1234@gni
o2ib1009    1        0      up 2066@gni
o2ib1008    1        0      up 78@gni
o2ib1009    1        0      up 3218@gni
o2ib1006    1        0      up 3218@gni
o2ib1006    1        0      up 82@gni
o2ib1006    1        0      up 3150@gni
o2ib1006    1        0      up 2450@gni
o2ib1006    1        0      up 3218@gni
o2ib1006    1        0      up 82@gni
o2ib1006    1        0      up 2066@gni
o2ib1007    1        0      up 530@gni
o2ib1005    1        0      up 1294@gni
o2ib1005    1        0      up 1998@gni
o2ib1006    1        0      up 1234@gni
o2ib1006    1        0      up 3150@gni
Routing disabled
net      hops priority   state router
o2ib1000    1        0      up 462@gni
o2ib1000    1        0      up 14@gni
o2ib1000    1        0      up 2322@gni
o2ib1000    1        0      up 846@gni
o2ib1002    1        0      up 1998@gni
o2ib1002    1        0      up 3154@gni
o2ib1002    1        0      up 142@gni
o2ib1002    1        0      up 2386@gni
o2ib1002    1        0      up 1294@gni
o2ib1002    1        0      up 914@gni
o2ib1006    1        0      up 2450@gni
o2ib1006    1        0      up 2066@gni
o2ib1006    1        0      up 1298@gni
o2ib1007    1        0      up 1230@gni
o2ib1007    1        0      up 78@gni
o2ib1007    1        0      up 2322@gni
o2ib1006    1        0      up 1298@gni
o2ib1007    1        0      up 2322@gni
o2ib1007    1        0      up 530@gni
o2ib1009    1        0      up 3150@gni
o2ib1009    1        0      up 2450@gni
o2ib1009    1        0      up 82@gni
o2ib1009    1        0      up 1298@gni
o2ib1009    1        0      up 3150@gni
o2ib1009    1        0      up 3218@gni
o2ib1008    1        0      up 78@gni
o2ib1008    1        0      up 1230@gni
o2ib1009    1        0      up 1234@gni
o2ib1004    1        0      up 2766@gni
o2ib1004    1        0      up 18@gni
o2ib1004    1        0      up 1682@gni
o2ib1004    1        0      up 14@gni
o2ib1005    1        0      up 2770@gni
o2ib1005    1        0      up 914@gni
o2ib1005    1        0      up 142@gni
o2ib1005    1        0      up 3154@gni
o2ib1009    1        0      up 3150@gni
o2ib1009    1        0      up 1298@gni
o2ib1009    1        0      up 2450@gni
o2ib1009    1        0      up 1234@gni
o2ib1009    1        0      up 2066@gni
o2ib1009    1        0      up 1298@gni
o2ib1009    1        0      up 82@gni
o2ib1007    1        0      up 1614@gni
o2ib1007    1        0      up 1230@gni
o2ib1007    1        0      up 2834@gni
o2ib1007    1        0      up 1614@gni
o2ib1007    1        0      up 2834@gni
o2ib1007    1        0      up 2446@gni
o2ib1006    1        0      up 82@gni
o2ib1006    1        0      up 3218@gni
o2ib1007    1        0      up 78@gni
o2ib1002    1        0      up 2770@gni
o2ib1003    1        0      up 846@gni
o2ib1003    1        0      up 146@gni
o2ib1003    1        0      up 2382@gni
o2ib1003    1        0      up 18@gni
o2ib1003    1        0      up 1682@gni
o2ib1003    1        0      up 2766@gni
o2ib1003    1        0      up 1170@gni
o2ib1004    1        0      up 146@gni
o2ib1004    1        0      up 18@gni
o2ib1004    1        0      up 1170@gni
o2ib1004    1        0      up 1682@gni
o2ib1004    1        0      up 2382@gni
o2ib1004    1        0      up 14@gni
o2ib1004    1        0      up 2766@gni
o2ib1005    1        0      up 1998@gni
o2ib1005    1        0      up 3154@gni
o2ib1005    1        0      up 1294@gni
o2ib1005    1        0      up 914@gni
o2ib1005    1        0      up 142@gni
o2ib1005    1        0      up 2386@gni
o2ib1005    1        0      up 2770@gni
o2ib1006    1        0      up 2066@gni
o2ib1006    1        0      up 1298@gni
o2ib1006    1        0      up 1234@gni
o2ib1006    1        0      up 3218@gni
o2ib1006    1        0      up 3150@gni
o2ib1006    1        0      up 82@gni
o2ib1006    1        0      up 2450@gni
o2ib1007    1        0      up 2834@gni
o2ib1007    1        0      up 78@gni
o2ib1007    1        0      up 530@gni
o2ib1007    1        0      up 2446@gni
o2ib1007    1        0      up 2322@gni
o2ib1007    1        0      up 1614@gni
o2ib1007    1        0      up 1230@gni
o2ib1008    1        0      up 530@gni
o2ib1008    1        0      up 78@gni
o2ib1008    1        0      up 1230@gni
o2ib1008    1        0      up 462@gni
o2ib1008    1        0      up 2446@gni
o2ib1008    1        0      up 2834@gni
o2ib1008    1        0      up 1614@gni
o2ib1009    1        0      up 2066@gni
o2ib1009    1        0      up 1298@gni
o2ib1009    1        0      up 3218@gni
o2ib1009    1        0      up 2450@gni
o2ib1009    1        0      up 82@gni
o2ib1009    1        0      up 3150@gni
o2ib1009    1        0      up 1234@gni
o2ib1007    1        0      up 2446@gni
o2ib1007    1        0      up 2322@gni
o2ib1007    1        0      up 530@gni
o2ib1008    1        0      up 1614@gni
o2ib1008    1        0      up 1230@gni
o2ib1008    1        0      up 2446@gni
o2ib1007    1        0      up 2446@gni
o2ib1009    1        0      up 3218@gni
o2ib1009    1        0      up 2066@gni
o2ib1005    1        0      up 1294@gni
o2ib1005    1        0      up 2386@gni
o2ib1005    1        0      up 1998@gni
o2ib1006    1        0      up 3150@gni
o2ib1006    1        0      up 1234@gni
o2ib1009    1        0      up 82@gni
o2ib1007    1        0      up 78@gni
o2ib1008    1        0      up 462@gni
o2ib1008    1        0      up 78@gni
o2ib1008    1        0      up 2446@gni
o2ib1008    1        0      up 1230@gni
o2ib1008    1        0      up 462@gni
o2ib1008    1        0      up 530@gni
o2ib1008    1        0      up 78@gni
o2ib1007    1        0      up 1614@gni
o2ib1007    1        0      up 1230@gni
o2ib1007    1        0      up 2834@gni
o2ib1008    1        0      up 78@gni
o2ib1008    1        0      up 462@gni
o2ib1008    1        0      up 2834@gni
o2ib1008    1        0      up 1230@gni
o2ib1008    1        0      up 2834@gni
o2ib1009    1        0      up 1234@gni
o2ib1008    1        0      up 1614@gni
o2ib1008    1        0      up 530@gni
o2ib1008    1        0      up 2834@gni
o2ib1009    1        0      up 3218@gni
o2ib1006    1        0      up 2450@gni
o2ib1006    1        0      up 2066@gni
o2ib1006    1        0      up 82@gni
o2ib1006    1        0      up 3218@gni
o2ib1006    1        0      up 1298@gni
o2ib1009    1        0      up 3150@gni
o2ib1009    1        0      up 2066@gni
o2ib1009    1        0      up 2450@gni
o2ib1009    1        0      up 2066@gni
o2ib1008    1        0      up 530@gni
o2ib1008    1        0      up 2446@gni
o2ib1008    1        0      up 1614@gni
o2ib1009    1        0      up 2066@gni
o2ib1009    1        0      up 3218@gni
o2ib1009    1        0      up 1298@gni
o2ib1009    1        0      up 3150@gni
o2ib1009    1        0      up 82@gni
o2ib1009    1        0      up 3218@gni
o2ib1009    1        0      up 2450@gni
o2ib1009    1        0      up 82@gni
o2ib1007    1        0      up 1230@gni
o2ib1007    1        0      up 2834@gni
o2ib1007    1        0      up 78@gni
o2ib1007    1        0      up 1614@gni
o2ib1007    1        0      up 2446@gni
o2ib1009    1        0      up 1298@gni
o2ib1009    1        0      up 1234@gni
o2ib1009    1        0      up 2450@gni
o2ib1009    1        0      up 82@gni
o2ib1009    1        0      up 1298@gni
o2ib1009    1        0      up 3150@gni
o2ib1007    1        0      up 530@gni
o2ib1007    1        0      up 2322@gni
o2ib1008    1        0      up 1614@gni
o2ib1008    1        0      up 1230@gni
o2ib1008    1        0      up 2446@gni
o2ib1009    1        0      up 1234@gni
o2ib1008    1        0      up 78@gni
o2ib1008    1        0      up 2834@gni
o2ib1008    1        0      up 530@gni
o2ib1008    1        0      up 462@gni
o2ib1009    1        0      up 2450@gni
o2ib1009    1        0      up 3218@gni
o2ib1009    1        0      up 3150@gni
o2ib1009    1        0      up 2066@gni
o2ib1009    1        0      up 82@gni
o2ib1009    1        0      up 1298@gni
o2ib1009    1        0      up 1234@gni
0 1573 0 881791 893716 0 0 3829575730 8956638660 0 0
0 361 0 870839 882794 0 0 3976882688 3665005640 0 0
0 684 0 867802 879769 0 0 3830441565 3663535976 0 0
0 370 0 869419 881377 0 0 5506607452 4117293595 0 0
0 446 0 866451 878384 0 0 3763307538 3662155307 0 0
0 285 0 872024 883986 0 0 7742416874 3821579975 0 0
0 1914 0 2864415 2874621 0 0 42953976272 9440893216 0 0
0 955 0 1185762 1198590 0 0 11823559984 14602702794 0 0
0 684 0 867804 879771 0 0 3830442877 3663536648 0 0
0 1573 0 881798 893724 0 0 3829584594 8956642180 0 0
0 361 0 870849 882804 0 0 3976896791 3665010248 0 0
0 1914 0 2864420 2874626 0 0 42953983248 9440895520 0 0
0 370 0 869429 881387 0 0 5506621555 4117298203 0 0
0 285 0 872034 883996 0 0 7742430977 3821584583 0 0
0 446 0 866464 878397 0 0 3763327305 3662161547 0 0
0 955 0 1185781 1198609 0 0 11823585559 14602711466 0 0
Application 3661164 resources: utime ~8s, stime ~8s, Rss ~9660, inblocks ~0, outblocks ~8
***
